[    0.000000] Initializing cgroup subsys cpuset
[    0.000000] Initializing cgroup subsys cpu
[    0.000000] Initializing cgroup subsys cpuacct
[    0.000000] Linux version 4.4.0-71-generic (buildd@lcy01-05) (gcc version 5.4.0 20160609 (Ubuntu 5.4.0-6ubuntu1~16.04.4) ) #92-Ubuntu SMP Fri Mar 24 12:59:01 UTC 2017 (Ubuntu 4.4.0-71.92-generic 4.4.49)
[    0.000000] Command line: BOOT_IMAGE=/boot/vmlinuz-4.4.0-71-generic root=LABEL=cloudimg-rootfs ro console=tty1 console=ttyS0
[    0.000000] KERNEL supported cpus:
[    0.000000]   Intel GenuineIntel
[    0.000000]   AMD AuthenticAMD
[    0.000000]   Centaur CentaurHauls
[    0.000000] x86/fpu: xstate_offset[2]:  576, xstate_sizes[2]:  256
[    0.000000] x86/fpu: Supporting XSAVE feature 0x01: 'x87 floating point registers'
[    0.000000] x86/fpu: Supporting XSAVE feature 0x02: 'SSE registers'
[    0.000000] x86/fpu: Supporting XSAVE feature 0x04: 'AVX registers'
[    0.000000] x86/fpu: Enabled xstate features 0x7, context size is 832 bytes, using 'standard' format.
[    0.000000] x86/fpu: Using 'lazy' FPU context switches.
[    0.000000] e820: BIOS-provided physical RAM map:
[    0.000000] BIOS-e820: [mem 0x0000000000000000-0x000000000009fbff] usable
[    0.000000] BIOS-e820: [mem 0x000000000009fc00-0x000000000009ffff] reserved
[    0.000000] BIOS-e820: [mem 0x00000000000f0000-0x00000000000fffff] reserved
[    0.000000] BIOS-e820: [mem 0x0000000000100000-0x00000000805effff] usable
[    0.000000] BIOS-e820: [mem 0x00000000805f0000-0x00000000805fffff] ACPI data
[    0.000000] BIOS-e820: [mem 0x00000000fec00000-0x00000000fec00fff] reserved
[    0.000000] BIOS-e820: [mem 0x00000000fee00000-0x00000000fee00fff] reserved
[    0.000000] BIOS-e820: [mem 0x00000000fffc0000-0x00000000ffffffff] reserved
[    0.000000] NX (Execute Disable) protection: active
[    0.000000] SMBIOS 2.5 present.
[    0.000000] Hypervisor detected: KVM
[    0.000000] e820: last_pfn = 0x805f0 max_arch_pfn = 0x400000000
[    0.000000] MTRR: Disabled
[    0.000000] x86/PAT: MTRRs disabled, skipping PAT initialization too.
[    0.000000] x86/PAT: Configuration [0-7]: WB  WT  UC- UC  WB  WT  UC- UC  
[    0.000000] CPU MTRRs all blank - virtualized system.
[    0.000000] found SMP MP-table at [mem 0x0009fff0-0x0009ffff] mapped at [ffff88000009fff0]
[    0.000000] Scanning 1 areas for low memory corruption
[    0.000000] RAMDISK: [mem 0x36ae8000-0x3756bfff]
[    0.000000] ACPI: Early table checksum verification disabled
[    0.000000] ACPI: RSDP 0x00000000000E0000 000024 (v02 VBOX  )
[    0.000000] ACPI: XSDT 0x00000000805F0030 00003C (v01 VBOX   VBOXXSDT 00000001 ASL  00000061)
[    0.000000] ACPI: FACP 0x00000000805F00F0 0000F4 (v04 VBOX   VBOXFACP 00000001 ASL  00000061)
[    0.000000] ACPI: DSDT 0x00000000805F0470 0021C8 (v02 VBOX   VBOXBIOS 00000002 INTL 20100528)
[    0.000000] ACPI: FACS 0x00000000805F0200 000040
[    0.000000] ACPI: FACS 0x00000000805F0200 000040
[    0.000000] ACPI: APIC 0x00000000805F0240 00005C (v02 VBOX   VBOXAPIC 00000001 ASL  00000061)
[    0.000000] ACPI: SSDT 0x00000000805F02A0 0001CC (v01 VBOX   VBOXCPUT 00000002 INTL 20100528)
[    0.000000] No NUMA configuration found
[    0.000000] Faking a node at [mem 0x0000000000000000-0x00000000805effff]
[    0.000000] NODE_DATA(0) allocated [mem 0x805eb000-0x805effff]
[    0.000000] kvm-clock: Using msrs 4b564d01 and 4b564d00
[    0.000000] kvm-clock: cpu 0, msr 0:805e3001, primary cpu clock
[    0.000000] kvm-clock: using sched offset of 2926519018 cycles
[    0.000000] clocksource: kvm-clock: mask: 0xffffffffffffffff max_cycles: 0x1cd42e4dffb, max_idle_ns: 881590591483 ns
[    0.000000] Zone ranges:
[    0.000000]   DMA      [mem 0x0000000000001000-0x0000000000ffffff]
[    0.000000]   DMA32    [mem 0x0000000001000000-0x00000000805effff]
[    0.000000]   Normal   empty
[    0.000000]   Device   empty
[    0.000000] Movable zone start for each node
[    0.000000] Early memory node ranges
[    0.000000]   node   0: [mem 0x0000000000001000-0x000000000009efff]
[    0.000000]   node   0: [mem 0x0000000000100000-0x00000000805effff]
[    0.000000] Initmem setup node 0 [mem 0x0000000000001000-0x00000000805effff]
[    0.000000] ACPI: PM-Timer IO Port: 0x4008
[    0.000000] IOAPIC[0]: apic_id 2, version 32, address 0xfec00000, GSI 0-23
[    0.000000] ACPI: INT_SRC_OVR (bus 0 bus_irq 0 global_irq 2 dfl dfl)
[    0.000000] ACPI: INT_SRC_OVR (bus 0 bus_irq 9 global_irq 9 high level)
[    0.000000] Using ACPI (MADT) for SMP configuration information
[    0.000000] smpboot: Allowing 2 CPUs, 0 hotplug CPUs
[    0.000000] PM: Registered nosave memory: [mem 0x00000000-0x00000fff]
[    0.000000] PM: Registered nosave memory: [mem 0x0009f000-0x0009ffff]
[    0.000000] PM: Registered nosave memory: [mem 0x000a0000-0x000effff]
[    0.000000] PM: Registered nosave memory: [mem 0x000f0000-0x000fffff]
[    0.000000] e820: [mem 0x80600000-0xfebfffff] available for PCI devices
[    0.000000] Booting paravirtualized kernel on KVM
[    0.000000] clocksource: refined-jiffies: mask: 0xffffffff max_cycles: 0xffffffff, max_idle_ns: 7645519600211568 ns
[    0.000000] setup_percpu: NR_CPUS:512 nr_cpumask_bits:512 nr_cpu_ids:2 nr_node_ids:1
[    0.000000] PERCPU: Embedded 33 pages/cpu @ffff880080200000 s98264 r8192 d28712 u1048576
[    0.000000] PV qspinlock hash table entries: 256 (order: 0, 4096 bytes)
[    0.000000] Built 1 zonelists in Node order, mobility grouping on.  Total pages: 517473
[    0.000000] Policy zone: DMA32
[    0.000000] Kernel command line: BOOT_IMAGE=/boot/vmlinuz-4.4.0-71-generic root=LABEL=cloudimg-rootfs ro console=tty1 console=ttyS0
[    0.000000] PID hash table entries: 4096 (order: 3, 32768 bytes)
[    0.000000] Memory: 2038100K/2102840K available (8452K kernel code, 1293K rwdata, 3976K rodata, 1484K init, 1316K bss, 64740K reserved, 0K cma-reserved)
[    0.000000] SLUB: HWalign=64, Order=0-3, MinObjects=0, CPUs=2, Nodes=1
[    0.000000] Hierarchical RCU implementation.
[    0.000000] 	Build-time adjustment of leaf fanout to 64.
[    0.000000] 	RCU restricting CPUs from NR_CPUS=512 to nr_cpu_ids=2.
[    0.000000] RCU: Adjusting geometry for rcu_fanout_leaf=64, nr_cpu_ids=2
[    0.000000] NR_IRQS:33024 nr_irqs:440 16
[    0.000000] Console: colour VGA+ 80x25
[    0.000000] console [tty1] enabled
[    0.000000] console [ttyS0] enabled
[    0.000000] tsc: Detected 2494.226 MHz processor
[   12.786372] Calibrating delay loop (skipped) preset value.. 4988.45 BogoMIPS (lpj=9976904)
[   12.907942] pid_max: default: 32768 minimum: 301
[   13.006587] ACPI: Core revision 20150930
[   13.093162] ACPI: 2 ACPI AML tables successfully acquired and loaded
[   13.227573] Security Framework initialized
[   13.314812] Yama: becoming mindful.
[   13.376771] AppArmor: AppArmor initialized
[   13.422366] Dentry cache hash table entries: 262144 (order: 9, 2097152 bytes)
[   13.586985] Inode-cache hash table entries: 131072 (order: 8, 1048576 bytes)
[   13.738600] Mount-cache hash table entries: 4096 (order: 3, 32768 bytes)
[   13.864325] Mountpoint-cache hash table entries: 4096 (order: 3, 32768 bytes)
[   14.022586] Initializing cgroup subsys io
[   14.124161] Initializing cgroup subsys memory
[   14.185226] Initializing cgroup subsys devices
[   14.262987] Initializing cgroup subsys freezer
[   14.372325] Initializing cgroup subsys net_cls
[   14.448045] Initializing cgroup subsys perf_event
[   14.484034] Initializing cgroup subsys net_prio
[   14.525190] Initializing cgroup subsys hugetlb
[   14.622978] Initializing cgroup subsys pids
[   14.709754] CPU: Physical Processor ID: 0
[   14.815320] CPU: Processor Core ID: 0
[   14.911572] mce: CPU supports 0 MCE banks
[   14.990800] Last level iTLB entries: 4KB 1024, 2MB 1024, 4MB 1024
[   15.122366] Last level dTLB entries: 4KB 1024, 2MB 1024, 4MB 1024, 1GB 4
[   15.281700] Freeing SMP alternatives memory: 32K (ffffffff820b8000 - ffffffff820c0000)
[   15.492391] ftrace: allocating 32111 entries in 126 pages
[   15.603520] smpboot: APIC(0) Converting physical 0 to logical package 0
[   15.759566] smpboot: Max logical packages: 1
[   15.847407] x2apic enabled
[   15.920146] Switched APIC routing to physical x2apic.
[   16.042174] ..TIMER: vector=0x30 apic1=0 pin1=2 apic2=-1 pin2=-1
[   16.316053] smpboot: CPU0: Intel(R) Core(TM) i7-4870HQ CPU @ 2.50GHz (family: 0x6, model: 0x46, stepping: 0x1)
[   16.584367] Performance Events: unsupported p6 CPU model 70 no PMU driver, software events only.
[   16.705296] KVM setup paravirtual spinlock
[   16.755881] x86: Booting SMP configuration:
[   16.856216] .... node  #0, CPUs:      #1
[   16.937875]kkvm-clock: cpu 1, msr 0:805e3041, secondary cpu clock
[   17.117052] mce: CPU supports 0 MCE banks
[   17.238596] x86: Booted up 1 node, 2 CPUs
[   17.351008] smpboot: Total of 2 processors activated (9976.90 BogoMIPS)
[   17.521483] devtmpfs: initialized
[   17.608298] evm: security.selinux
[   17.698467] evm: security.SMACK64
[   17.734889] evm: security.SMACK64EXEC
[   17.760671] evm: security.SMACK64TRANSMUTE
[   17.761358] evm: security.SMACK64MMAP
[   17.761991] evm: security.ima
[   17.762547] evm: security.capability
[   17.764587] clocksource: jiffies: mask: 0xffffffff max_cycles: 0xffffffff, max_idle_ns: 7645041785100000 ns
[   17.943961] pinctrl core: initialized pinctrl subsystem
[   18.073721] RTC time:  9:57:09, date: 05/30/17
[   18.199190] NET: Registered protocol family 16
[   18.321735] cpuidle: using governor ladder
[   18.434114] cpuidle: using governor menu
[   18.498687] PCCT header not found.
[   18.559774] ACPI: bus type PCI registered
[   18.635974] acpiphp: ACPI Hot Plug PCI Controller Driver version: 0.5
[   18.758239] PCI: Using configuration type 1 for base access
[   18.830193] ACPI: Added _OSI(Module Device)
[   18.899506] ACPI: Added _OSI(Processor Device)
[   19.028013] ACPI: Added _OSI(3.0 _SCP Extensions)
[   19.145911] ACPI: Added _OSI(Processor Aggregator Device)
[   19.186714] ACPI: Executed 1 blocks of module-level executable AML code
[   19.337621] ACPI: Interpreter enabled
[   19.429615] ACPI: (supports S0 S5)
[   19.507197] ACPI: Using IOAPIC for interrupt routing
[   19.618130] PCI: Using host bridge windows from ACPI; if necessary, use "pci=nocrs" and report a bug
[   19.866165] ACPI: PCI Root Bridge [PCI0] (domain 0000 [bus 00-ff])
[   19.917209] acpi PNP0A03:00: _OSC: OS supports [ASPM ClockPM Segments MSI]
[   19.926985] acpi PNP0A03:00: _OSC failed (AE_NOT_FOUND); disabling ASPM
[   19.927961] acpi PNP0A03:00: fail to add MMCONFIG information, can't access extended PCI configuration space under this bridge.
[   19.929898] PCI host bridge to bus 0000:00
[   19.930581] pci_bus 0000:00: root bus resource [io  0x0000-0x0cf7 window]
[   19.931558] pci_bus 0000:00: root bus resource [io  0x0d00-0xffff window]
[   19.932574] pci_bus 0000:00: root bus resource [mem 0x000a0000-0x000bffff window]
[   20.117244] pci_bus 0000:00: root bus resource [mem 0x80600000-0xffdfffff window]
[   20.199419] pci_bus 0000:00: root bus resource [bus 00-ff]
[   20.323568] pci 0000:00:01.1: legacy IDE quirk: reg 0x10: [io  0x01f0-0x01f7]
[   20.492450] pci 0000:00:01.1: legacy IDE quirk: reg 0x14: [io  0x03f6]
[   20.575267] pci 0000:00:01.1: legacy IDE quirk: reg 0x18: [io  0x0170-0x0177]
[   20.756030] pci 0000:00:01.1: legacy IDE quirk: reg 0x1c: [io  0x0376]
[   20.913782] pci 0000:00:07.0: quirk: [io  0x4000-0x403f] claimed by PIIX4 ACPI
[   20.994173] pci 0000:00:07.0: quirk: [io  0x4100-0x410f] claimed by PIIX4 SMB
[   21.055556] ACPI: PCI Interrupt Link [LNKA] (IRQs 5 9 10 *11)
[   21.175241] ACPI: PCI Interrupt Link [LNKB] (IRQs 5 9 10 *11)
[   21.281216] ACPI: PCI Interrupt Link [LNKC] (IRQs 5 9 *10 11)
[   21.395222] ACPI: PCI Interrupt Link [LNKD] (IRQs 5 *9 10 11)
[   21.508875] ACPI: Enabled 2 GPEs in block 00 to 07
[   21.579513] vgaarb: setting as boot device: PCI:0000:00:02.0
[   21.707156] vgaarb: device added: PCI:0000:00:02.0,decodes=io+mem,owns=io+mem,locks=none
[   21.826298] vgaarb: loaded
[   21.863142] vgaarb: bridge control possible 0000:00:02.0
[   21.945775] SCSI subsystem initialized
[   22.003296] ACPI: bus type USB registered
[   22.049099] usbcore: registered new interface driver usbfs
[   22.096393] usbcore: registered new interface driver hub
[   22.202081] usbcore: registered new device driver usb
[   22.312138] PCI: Using ACPI for IRQ routing
[   22.396391] NetLabel: Initializing
[   22.464723] NetLabel:  domain hash size = 128
[   22.563631] NetLabel:  protocols = UNLABELED CIPSOv4
[   22.696029] NetLabel:  unlabeled traffic allowed by default
[   22.805093] amd_nb: Cannot enumerate AMD northbridges
[   22.884524] clocksource: Switched to clocksource kvm-clock
[   22.905762] AppArmor: AppArmor Filesystem Enabled
[   23.041659] pnp: PnP ACPI init
[   23.127718] pnp: PnP ACPI: found 3 devices
[   23.226557] clocksource: acpi_pm: mask: 0xffffff max_cycles: 0xffffff, max_idle_ns: 2085701024 ns
[   23.479015] NET: Registered protocol family 2
[   23.592534] TCP established hash table entries: 16384 (order: 5, 131072 bytes)
[   23.792766] TCP bind hash table entries: 16384 (order: 6, 262144 bytes)
[   23.983160] TCP: Hash tables configured (established 16384 bind 16384)
[   24.148986] UDP hash table entries: 1024 (order: 3, 32768 bytes)
[   24.271395] UDP-Lite hash table entries: 1024 (order: 3, 32768 bytes)
[   24.464782] NET: Registered protocol family 1
[   24.590826] pci 0000:00:00.0: Limiting direct PCI/PCI transfers
[   24.761577] pci 0000:00:01.0: Activating ISA DMA hang workarounds
[   24.923642] Unpacking initramfs...
[   26.610954] Freeing initrd memory: 10768K (ffff880036ae8000 - ffff88003756c000)
[   26.788472] platform rtc_cmos: registered platform RTC device (no PNP device found)
[   26.965350] Scanning for low memory corruption every 60 seconds
[   27.114852] futex hash table entries: 512 (order: 3, 32768 bytes)
[   27.249183] audit: initializing netlink subsys (disabled)
[   27.386649] audit: type=2000 audit(1496138220.878:1): initialized
[   27.495716] Initialise system trusted keyring
[   27.522348] HugeTLB registered 2 MB page size, pre-allocated 0 pages
[   27.525775] zbud: loaded
[   27.562582] VFS: Disk quotas dquot_6.6.0
[   27.650789] VFS: Dquot-cache hash table entries: 512 (order 0, 4096 bytes)
[   27.813847] tsc: Refined TSC clocksource calibration: 2492.497 MHz
[   27.931340] clocksource: tsc: mask: 0xffffffffffffffff max_cycles: 0x23ed89f966d, max_idle_ns: 440795292278 ns
ÿ[   27.931663] squashfs: version 4.0 (2009/01/31) Phillip Lougher
[   27.931855] fuse init (API version 7.23)
[   27.931951] Key type big_key registered
[   27.931963] Allocating IMA MOK and blacklist keyrings.
[   27.932114] Key type asymmetric registered
[   27.932119] Asymmetric key parser 'x509' registered
[   27.932145] Block layer SCSI generic (bsg) driver version 0.4 loaded (major 249)
[   27.932167] io scheduler noop registered
[   27.932168] io scheduler deadline registered (default)
[   27.932189] io scheduler cfq registered
[   27.932271] pci_hotplug: PCI Hot Plug PCI Core version: 0.5
[   27.932276] pciehp: PCI Express Hot Plug Controller Driver version: 0.4
[   27.932584] ACPI: AC Adapter [AC] (on-line)
[   27.932626] input: Power Button as /devices/LNXSYSTM:00/LNXPWRBN:00/input/input0
[   27.932629] ACPI: Power Button [PWRF]
[   27.932685] input: Sleep Button as /devices/LNXSYSTM:00/LNXSLPBN:00/input/input1
[   27.932686] ACPI: Sleep Button [SLPF]
[   27.932827] GHES: HEST is not enabled!
[   27.933686] ACPI: Battery Slot [BAT0] (battery present)
[   27.933725] Serial: 8250/16550 driver, 32 ports, IRQ sharing enabled
[   28.169350] 00:02: ttyS0 at I/O 0x3f8 (irq = 4, base_baud = 115200) is a 16550A
[   28.329868] Linux agpgart interface v0.103
[   28.466691] loop: module loaded
[   28.467359] scsi host0: ata_piix
[   28.467433] scsi host1: ata_piix
[   28.467472] ata1: PATA max UDMA/33 cmd 0x1f0 ctl 0x3f6 bmdma 0xd000 irq 14
[   28.467473] ata2: PATA max UDMA/33 cmd 0x170 ctl 0x376 bmdma 0xd008 irq 15
[   28.467566] libphy: Fixed MDIO Bus: probed
[   28.467569] tun: Universal TUN/TAP device driver, 1.6
[   28.467569] tun: (C) 1999-2004 Max Krasnyansky <maxk@qualcomm.com>
[   28.467967] PPP generic driver version 2.4.2
[   28.468032] ehci_hcd: USB 2.0 'Enhanced' Host Controller (EHCI) Driver
[   28.468036] ehci-pci: EHCI PCI platform driver
[   28.468055] ehci-platform: EHCI generic platform driver
[   28.468064] ohci_hcd: USB 1.1 'Open' Host Controller (OHCI) Driver
[   28.468067] ohci-pci: OHCI PCI platform driver
[   28.468076] ohci-platform: OHCI generic platform driver
[   28.468084] uhci_hcd: USB Universal Host Controller Interface driver
[   28.468131] i8042: PNP: PS/2 Controller [PNP0303:PS2K,PNP0f03:PS2M] at 0x60,0x64 irq 1,12
[   28.521559] serio: i8042 KBD port at 0x60,0x64 irq 1
[   28.521565] serio: i8042 AUX port at 0x60,0x64 irq 12
[   28.521685] mousedev: PS/2 mouse device common for all mice
[   28.521933] rtc_cmos rtc_cmos: rtc core: registered rtc_cmos as rtc0
[   28.521976] rtc_cmos rtc_cmos: alarms up to one day, 114 bytes nvram
[   28.521981] i2c /dev entries driver
[   28.522031] device-mapper: uevent: version 1.0.3
[   28.522071] device-mapper: ioctl: 4.34.0-ioctl (2015-10-28) initialised: dm-devel@redhat.com
[   28.522090] ledtrig-cpu: registered to indicate activity on CPUs
[   28.522301] NET: Registered protocol family 10
[   28.522516] NET: Registered protocol family 17
[   28.522527] Key type dns_resolver registered
[   28.567344] microcode: CPU0 sig=0x40661, pf=0x40, revision=0x0
[   28.567442] microcode: CPU1 sig=0x40661, pf=0x40, revision=0x0
[   28.567567] microcode: Microcode Update Driver: v2.01 <tigran@aivazian.fsnet.co.uk>, Peter Oruba
[   28.567808] registered taskstats version 1
[   28.567820] Loading compiled-in X.509 certificates
[   28.568662] Loaded X.509 cert 'Build time autogenerated kernel key: 812d956779f79f89ad448268b75be2bbdc5d2bc7'
[   28.568699] zswap: loaded using pool lzo/zbud
[   28.570681] Key type trusted registered
[   28.573785] Key type encrypted registered
[   28.573792] AppArmor: AppArmor sha1 policy hashing enabled
[   28.573794] ima: No TPM chip found, activating TPM-bypass!
[   28.573835] evm: HMAC attrs: 0x1
[   28.574245]   Magic number: 1:644:981
[   28.589840] rtc_cmos rtc_cmos: setting system clock to 2017-05-30 09:57:19 UTC (1496138239)
[   28.590006] BIOS EDD facility v0.16 2004-Jun-25, 0 devices found
[   28.590006] EDD information not available.
[   28.921277] input: AT Translated Set 2 keyboard as /devices/platform/i8042/serio0/input/input2
[   33.609300] Freeing unused kernel memory: 1484K (ffffffff81f45000 - ffffffff820b8000)
[   33.821168] Write protecting the kernel read-only data: 14336k
[   33.971345] Freeing unused kernel memory: 1776K (ffff880001844000 - ffff880001a00000)
[   34.029388] Freeing unused kernel memory: 120K (ffff880001de2000 - ffff880001e00000)
Loading, please wait...
[   34.067228] random: systemd-udevd: uninitialized urandom read (16 bytes read, 4 bits of entropy available)
starting version[   34.067683] random: udevadm: uninitialized urandom read (16 bytes read, 4 bits of entropy available)
 229
[   34.067710] random: udevadm: uninitialized urandom read (16 bytes read, 4 bits of entropy available)
[   34.067795] random: udevadm: uninitialized urandom read (16 bytes read, 4 bits of entropy available)
[   34.067828] random: udevadm: uninitialized urandom read (16 bytes read, 4 bits of entropy available)
[   34.067866] random: udevadm: uninitialized urandom read (16 bytes read, 4 bits of entropy available)
[   34.067899] random: udevadm: uninitialized urandom read (16 bytes read, 4 bits of entropy available)
[   34.067929] random: udevadm: uninitialized urandom read (16 bytes read, 4 bits of entropy available)
[   34.067976] random: udevadm: uninitialized urandom read (16 bytes read, 4 bits of entropy available)
[   34.068023] random: udevadm: uninitialized urandom read (16 bytes read, 4 bits of entropy available)
[   36.141999] e1000: Intel(R) PRO/1000 Network Driver - version 7.3.21-k8-NAPI
[   36.218542] e1000: Copyright (c) 1999-2006 Intel Corporation.
[   36.240988] Fusion MPT base driver 3.04.20
[   36.248957] Copyright (c) 1999-2008 LSI Corporation
[   36.262911] AVX version of gcm_enc/dec engaged.
[   36.346151] AES CTR mode by8 optimization enabled
[   36.479102] Fusion MPT SPI Host driver 3.04.20
[   36.512338] input: ImExPS/2 Generic Explorer Mouse as /devices/platform/i8042/serio1/input/input4
[   36.821879] e1000 0000:00:03.0 eth0: (PCI:33MHz:32-bit) 02:6f:83:38:c1:e5
[   36.981167] e1000 0000:00:03.0 eth0: Intel(R) PRO/1000 Network Connection
[   37.122027] mptbase: ioc0: Initiating bringup
[   37.300801] ioc0: LSI53C1030 A0: Capabilities={Initiator}
[   37.571431] scsi host2: ioc0: LSI53C1030 A0, FwRev=00000000h, Ports=1, MaxQ=256, IRQ=20
[   37.888475] scsi 2:0:0:0: Direct-Access     VBOX     HARDDISK         1.0  PQ: 0 ANSI: 5
[   38.012468] scsi target2:0:0: Beginning Domain Validation
[   38.147321] scsi target2:0:0: Domain Validation skipping write tests
[   38.232107] e1000 0000:00:08.0 eth1: (PCI:33MHz:32-bit) 08:00:27:06:22:79
[   38.232112] e1000 0000:00:08.0 eth1: Intel(R) PRO/1000 Network Connection
[   38.357679] e1000 0000:00:03.0 enp0s3: renamed from eth0
[   38.414596] scsi target2:0:0: Ending Domain Validation
[   38.490970] scsi target2:0:0: asynchronous
[   38.589630] scsi 2:0:1:0: Direct-Access     VBOX     HARDDISK         1.0  PQ: 0 ANSI: 5
[   38.599938] e1000 0000:00:08.0 enp0s8: renamed from eth1
[   38.972922] scsi target2:0:1: Beginning Domain Validation
[   39.106922] scsi target2:0:1: Domain Validation skipping write tests
[   39.230950] scsi target2:0:1: Ending Domain Validation
[   39.411042] floppy0: no floppy controllers found
[   39.420609] scsi target2:0:1: asynchronous
[   39.505987] sd 2:0:0:0: Attached scsi generic sg0 type 0
[   39.514431] sd 2:0:0:0: [sda] 20971520 512-byte logical blocks: (10.7 GB/10.0 GiB)
[   39.515882] sd 2:0:0:0: [sda] Write Protect is off
[   39.517036] sd 2:0:0:0: [sda] Incomplete mode parameter data
[   39.517951] sd 2:0:0:0: [sda] Assuming drive cache: write through
[   39.519825] sd 2:0:1:0: [sdb] 20480 512-byte logical blocks: (10.5 MB/10.0 MiB)
[   39.519836] sd 2:0:1:0: Attached scsi generic sg1 type 0
[   39.520010]  sda: sda1
[   39.722000] sd 2:0:0:0: [sda] Attached SCSI disk
[   39.963257] sd 2:0:1:0: [sdb] Write Protect is off
[   40.073312] sd 2:0:1:0: [sdb] Incomplete mode parameter data
[   40.228614] sd 2:0:1:0: [sdb] Assuming drive cache: write through
[   40.459822] sd 2:0:1:0: [sdb] Attached SCSI disk
Begin: Loading e[   41.840418] md: linear personality registered for level -1
ssential drivers[   41.982931] md: multipath personality registered for level -4
 ... [   42.194874] md: raid0 personality registered for level 0
[   42.312643] md: raid1 personality registered for level 1
[   42.532585] raid6: sse2x1   gen()  9516 MB/s
[   42.692820] raid6: sse2x1   xor()  8373 MB/s
[   42.808953] raid6: sse2x2   gen()  9522 MB/s
[   42.932773] raid6: sse2x2   xor()  8703 MB/s
[   43.024793] raid6: sse2x4   gen()  7343 MB/s
[   43.096699] raid6: sse2x4   xor()  4062 MB/s
[   43.114876] raid6: using algorithm sse2x2 gen() 9522 MB/s
[   43.189837] raid6: .... xor() 8703 MB/s, rmw enabled
[   43.258456] raid6: using ssse3x2 recovery algorithm
[   43.334796] xor: automatically using best checksumming function:
[   43.489709]    avx       : 26922.000 MB/sec
[   43.582085] async_tx: api initialized (async)
[   43.687378] md: raid6 personality registered for level 6
[   43.829054] md: raid5 personality registered for level 5
[   43.888915] md: raid4 personality registered for level 4
[   43.992135] md: raid10 personality registered for level 10
done.
Begin: Running /scripts/init-p[   44.207865] Btrfs loaded
remount ... done.
Begin: Mounting root file system ... Begin: Running /scripts/local-top ... done.
Begin: Running /scripts/local-premount ... Scanning for Btrfs filesystems
done.
Warning: fsck not present, so skipping root file system
[   44.291539] EXT4-fs (sda1): mounted filesystem with ordered data mode. Opts: (null)
done.
Begin: Running /scripts/local-bottom ... done.
Begin: Running /scripts/init-bottom ... done.
[   44.575318] systemd[1]: systemd 229 running in system mode. (+PAM +AUDIT +SELINUX +IMA +APPARMOR +SMACK +SYSVINIT +UTMP +LIBCRYPTSETUP +GCRYPT +GNUTLS +ACL +XZ -LZ4 +SECCOMP +BLKID +ELFUTILS +KMOD -IDN)
[   45.002720] systemd[1]: Detected virtualization oracle.
[   45.106193] systemd[1]: Detected architecture x86-64.

Welcome to [1mUbuntu 16.04.2 LTS[0m!

[   45.249316] systemd[1]: Set hostname to <ubuntu>.
[   45.376154] systemd[1]: Initializing machine ID from random generator.
[   45.511826] systemd[1]: Installed transient /etc/machine-id file.
[   45.719704] systemd[1]: Listening on Journal Socket.
[[0;32m  OK  [0m] Listening on Journal Socket.
[   45.856718] systemd[1]: Listening on udev Control Socket.
[[0;32m  OK  [0m] Listening on udev Control Socket.
[   46.020959] systemd[1]: Listening on LVM2 metadata daemon socket.
[[0;32m  OK  [0m] Listening on LVM2 metadata daemon socket.
[   46.217412] systemd[1]: Reached target Swap.
[[0;32m  OK  [0m] Reached target Swap.
[   46.361468] systemd[1]: Created slice User and Session Slice.
[[0;32m  OK  [0m] Created slice User and Session Slice.
[   46.549155] systemd[1]: Reached target Encrypted Volumes.
[[0;32m  OK  [0m] Reached target Encrypted Volumes.
[   46.717377] systemd[1]: Listening on Journal Socket (/dev/log).
[[0;32m  OK  [0m] Listening on Journal Socket (/dev/log).
[   46.900904] systemd[1]: Listening on Device-mapper event daemon FIFOs.
[[0;32m  OK  [0m] Listening on Device-mapper event daemon FIFOs.
[   47.126408] systemd[1]: Reached target User and Group Name Lookups.
[[0;32m  OK  [0m] Reached target User and Group Name Lookups.
[   47.261298] systemd[1]: Created slice System Slice.
[[0;32m  OK  [0m] Created slice System Slice.
[   47.420819] systemd[1]: Mounting POSIX Message Queue File System...
         Mounting POSIX Message Queue File System...
[   47.636878] systemd[1]: Starting Remount Root and Kernel File Systems...
[   47.763366] random: nonblocking pool is initialized
         [   47.912953] EXT4-fs (sda1): re-mounted. Opts: (null)
Starting Remount Root and Kernel File Systems...
[   48.109102] systemd[1]: Starting Set console keymap...
         Starting Set console keymap...
[   48.241015] systemd[1]: Mounting Huge Pages File System...
         Mounting Huge Pages File System...
[   48.364893] systemd[1]: Starting Uncomplicated firewall...
         Starting Uncomplicated firewall...
[   48.461297] systemd[1]: Starting Create list of required static device nodes for the current kernel...
         Starting Create list of required st... nodes for the current kernel...
[   48.685191] systemd[1]: Mounting Debug File System...
         Mounting Debug File System...
[   48.829057] systemd[1]: Starting Monitoring of LVM2 mirrors, snapshots etc. using dmeventd or progress polling...
         Starting Monitoring of LVM2 mirrors... dmeventd or progress polling...
[   49.045106] systemd[1]: Created slice system-serial\x2dgetty.slice.
[[0;32m  OK  [0m] Created slice system-serial\x2dgetty.slice.
[   49.161060] systemd[1]: Reached target Slices.
[[0;32m  OK  [0m] Reached target Slices.
[   49.280796] systemd[1]: Starting Nameserver information manager...
         Starting Nameserver information manager...
[   49.320628] systemd[1]: Listening on Journal Audit Socket.
[[0;32m  OK  [0m] Listening on Journal Audit Socket.
[   49.341837] systemd[1]: Listening on Syslog Socket.
[[0;32m  OK  [0m] Listening on Syslog Socket.
[   49.485117] systemd[1]: Starting Journal Service...
         Starting Journal Service...
[   49.576798] systemd[1]: Starting Load Kernel Modules...
         [   49.651429] Loading iSCSI transport class v2.0-870.
Starting Load Ke[   49.714427] iscsi: registered transport (tcp)
rnel Modules...
[   49.792022] systemd[1]: Started Forward Password Requests to Wall Directory Watch.
[[0;32m  OK  [0[   49.858884] iscsi: registered transport (iser)
m] Started Forward Password Requests to Wall Directory Watch.
[   49.969291] systemd[1]: Listening on /dev/initctl Compatibility Named Pipe.
[[0;32m  OK  [0m] Listening on /dev/initctl Compatibility Named Pipe.
[   50.141154] systemd[1]: Listening on LVM2 poll daemon socket.
[[0;32m  OK  [0m] Listening on LVM2 poll daemon socket.
[   50.284952] systemd[1]: Listening on udev Kernel Socket.
[[0;32m  OK  [0m] Listening on udev Kernel Socket.
[   50.393531] systemd[1]: Set up automount Arbitrary Executable File Formats File System Automount Point.
[[0;32m  OK  [0m] Set up automount Arbitrary Executab...ats File System Automount Point.
[   50.656978] systemd[1]: Mounted Debug File System.
[[0;32m  OK  [0m] Mounted Debug File System.
[   50.789458] systemd[1]: Mounted Huge Pages File System.
[[0;32m  OK  [0m] Mounted Huge Pages File System.
[   50.909108] systemd[1]: Mounted POSIX Message Queue File System.
[[0;32m  OK  [0m] Mounted POSIX Message Queue File System.
[   51.085039] systemd[1]: Started Journal Service.
[[0;32m  OK  [0m] Started Journal Service.
[[0;32m  OK  [0m] Started Remount Root and Kernel File Systems.
[[0;32m  OK  [0m] Started Set console keymap.
[[0;32m  OK  [0m] Started Uncomplicated firewall.
[[0;32m  OK  [0m] Started Create list of required sta...ce nodes for the current kernel.
[[0;32m  OK  [0m] Started Load Kernel Modules.
[[0;32m  OK  [0m] Started Nameserver information manager.
[[0;32m  OK  [0m] Started LVM2 metadata daemon.
         Starting Apply Kernel Variables...
         Mounting FUSE Control File System...
         Starting Create Static Device Nodes in /dev...
         Starting Load/Save Random Seed...
         Starting udev Coldplug all Devices...
         Starting Initial cloud-init job (pre-networking)...
         Starting Flush Journal to Persistent Storage...
[[0;32m  OK  [0m] Mounted FUSE Control File System.
[[0;32m  OK  [0m] Started Apply Kernel Variables.
[[0;32m  OK  [0m] Started Create Static Device Nodes in /dev.
[[0;32m  OK  [0m] Started Load/Save Random Seed.
[[0;32m  OK  [0m] Started Monitoring of LVM2 mirrors,...ng dmeventd or progress polling.
[[0;32m  OK  [0m] Started Flush Journal to Persistent Storage.
[[0;32m  OK  [0m] Started udev Coldplug all Devices.
         Starting udev Kernel Device Manager...
[[0;32m  OK  [0m] Started udev Kernel Device Manager.
[[0;32m  OK  [0m] Started Dispatch Password Requests to Console Directory Watch.
[[0;32m  OK  [0m] Reached target Local File Systems (Pre).
[[0;32m  OK  [0m] Reached target Local File Systems.
         Starting Create Volatile Files and Directories...
         Starting Set console font and keymap...
         Starting Commit a transient machine-id on disk...
[   30.523265] cloud-init[450]: Cloud-init v. 0.7.9 running 'init-local' at Tue, 30 May 2017 09:57:43 +0000. Up 30.21 seconds.
         Starting LSB: AppArmor initialization...
         Starting Tell Plymouth To Write Out Runtime Data...
[[0;32m  OK  [0m] Started Create Volatile Files and Directories.
[[0;32m  OK  [0m] Started Set console font and keymap.
[[0;32m  OK  [0m] Started Commit a transient machine-id on disk.
[[0;32m  OK  [0m] Started Tell Plymouth To Write Out Runtime Data.
[[0;32m  OK  [0m] Started Initial cloud-init job (pre-networking).
[[0;32m  OK  [0m] Found device /dev/ttyS0.
[[0;32m  OK  [0m] Listening on Load/Save RF Kill Switch Status /dev/rfkill Watch.
[[0;32m  OK  [0m] Reached target Network (Pre).
[[0;32m  OK  [0m] Created slice system-getty.slice.
[[0;32m  OK  [0m] Reached target System Time Synchronized.
         Starting Update UTMP about System Boot/Shutdown...
[[0;32m  OK  [0m] Started LSB: AppArmor initialization.
[[0;32m  OK  [0m] Started Update UTMP about System Boot/Shutdown.
         Starting Raise network interfaces...
[[0;32m  OK  [0m] Started Raise network interfaces.
         Starting Initial cloud-init job (metadata service crawler)...
[[0;32m  OK  [0m] Reached target Network.
[   34.094115] cloud-init[942]: Cloud-init v. 0.7.9 running 'init' at Tue, 30 May 2017 09:57:46 +0000. Up 33.65 seconds.
[[0;32m  OK  [0m] Started Initial cloud-init job (metadata service crawler).
[[0;32m  OK  [0m] Reached target Cloud-config availability.
[[0;32m  OK  [0m] Reached target System Initialization.
[   34.198939] cloud-init[942]: ci-info: ++++++++++++++++++++++++++++++++++++++Net device info++++++++++++++++++++++++++++++++++++++
[   34.424510] [cloud-init[0;32m  OK  [0m[942]: ] ci-info: +--------+-------+----------------------------+---------------+-------+-------------------+Started Timer to automatically refresh installed snaps.

[[0;32m  OK  [0m] Started Daily apt activities.
[   34.424969] cloud-init[942]: ci-info: | Device |   Up  |          Address           |      Mask     | Scope |     Hw-Address    |
[   34.700787] [cloud-init[0;32m  OK  [0m[942]: ] ci-info: +--------+-------+----------------------------+---------------+-------+-------------------+Started ACPI Events Check.

[[0;32m  OK  [0m] Started Daily Cleanup of Temporary Directories.
[[0;32m  OK  [0m] Reached target Timers.
[   34.701324] cloud-init[942]: ci-info: | enp0s3 |  True |         10.0.2.15          | 255.255.255.0 |   .   | 02:6f:83:38:c1:e5 |
[   34.980681] [cloud-init[0;32m  OK  [0m[942]: ] ci-info: | enp0s3 |  True | fe80::6f:83ff:fe38:c1e5/64 |       .       |  link | 02:6f:83:38:c1:e5 |Started Trigger resolvconf update for networkd DNS.

[[0;32m  OK  [0m] Reached target Paths.
[[0;32m  OK  [0m] Listening on ACPID Listen Socket.
[   34.981198] cloud-init[942]: ci-info: | enp0s8 | False |             .              |       .       |   .   | 08:00:27:06:22:79 |
[   35.260936]          cloud-initStarting LXD - unix socket.[942]: 
ci-info: |   lo   |  True |         127.0.0.1          |   255.0.0.0   |   .   |         .         |
[   35.376984] [cloud-init[0;32m  OK  [0m[942]: ] ci-info: |   lo   |  True |          ::1/128           |       .       |  host |         .         |Listening on UUID daemon activation socket.

[[0;32m  OK  [0m] Listening on D-Bus System Message Bus Socket.
[   35.377661] cloud-init[942]: ci-info: +--------+-------+----------------------------+---------------+-------+-------------------+
         Starting Socket activation for snappy daemon.
[   35.513043] [cloud-init[0;32m  OK  [0m[942]: ] ci-info: +++++++++++++++++++++++++++Route IPv4 info++++++++++++++++++++++++++++Reached target Network is Online.

[   35.800789]          cloud-initStarting iSCSI initiator daemon (iscsid)...[942]: 
ci-info: +-------+-------------+----------+---------------+-----------+-------+
[   35.916664] [cloud-init[0;32m  OK  [0m[942]: ] ci-info: | Route | Destination | Gateway  |    Genmask    | Interface | Flags |Listening on LXD - unix socket.

[   36.024696] [cloud-init[0;32m  OK  [0m[942]: ] ci-info: +-------+-------------+----------+---------------+-----------+-------+Listening on Socket activation for snappy daemon.

[   36.025202] cloud-init[942]: ci-info: |   0   |   0.0.0.0   | 10.0.2.2 |    0.0.0.0    |   enp0s3  |   UG  |
[   36.172419] [cloud-init[0;32m  OK  [0m[942]: ] ci-info: |   1   |   10.0.2.0  | 0.0.0.0  | 255.255.255.0 |   enp0s3  |   U   |Started iSCSI initiator daemon (iscsid).

[   36.172922] cloud-init[942]: ci-info: +-------+-------------+----------+---------------+-----------+-------+
         Starting Login to default iSCSI targets...
[   36.324803] [cloud-init[0;32m  OK  [0m[942]: ] Generating public/private rsa key pair.Reached target Sockets.

[   36.348303] [[0;32m  OK  [0m] Reached target Basic System.
cloud-init[942]: Your identification has been saved in /etc/ssh/ssh_host_rsa_key.
[   36.383097] [cloud-init[0;32m  OK  [0m[942]: ] Your public key has been saved in /etc/ssh/ssh_host_rsa_key.pub.Started Snappy daemon.

[   36.383593] cloud-init[942]: The key fingerprint is:
[   36.476285]          cloud-initStarting Apply the settings specified in cloud-config...[942]: 
SHA256:5/8n6xN1ZaOK9mWrJKQsPoT0rh1HmgXQw2IZ+ZUKpFo root@ubuntu-xenial
[   36.576277] [cloud-init[0;32m  OK  [0m[942]: ] The key's randomart image is:Started ACPI event daemon.

[   36.576749] cloud-init[942]: +---[RSA 2048]----+
[   36.660377] [cloud-init[0;32m  OK  [0m[942]: ] |  .+*   .        |Started D-Bus System Message Bus.

[   36.660945] cloud-init[942]: |  .*.+ o       .o|
[[0;32m  OK  [0m] Started Regular background program processing daemon.
[   36.759312] cloud-init[942]: | .E +.+       ..o|
         Starting LXD - container startup/shutdown...
[   36.809298] cloud-init[942]: |.. . o.      .  o|
[   36.904236] [cloud-init[0;32m  OK  [0m[942]: ] |. . o  oS.o .  ..|Started Deferred execution scheduler.

[   36.904704] cloud-init[942]: |   . o* o= . o.  |
         Starting /etc/rc.local Compatibility...
[   37.024475] cloud-init[942]: |    o= +..o.o .. |
[   37.068264]          cloud-initStarting LSB: Record successful boot for GRUB...[942]: 
|    oo+   oo .o .|
[   37.132090]          cloud-initStarting Auto import assertions from block devices...[942]: 
|   ..o.    .oo+= |
[   37.148062] cloud-init[942]: +----[SHA256]-----+
[   37.149160] cloud-init[942]: Generating public/private dsa key pair.
[   37.150341] cloud-init[942]: Your identification has been saved in /etc/ssh/ssh_host_dsa_key.
         Starting System Logging Service...
[   37.212386] cloud-init[942]: Your public key has been saved in /etc/ssh/ssh_host_dsa_key.pub.
[   37.268419] cloud-init[942]: The key fingerprint is:
         Starting Login Service...
[   37.302782] cloud-init[942]: SHA256:1UskDCW17Tnma/exErlA2iSde2HWBjmIdF3R5+GYdLc root@ubuntu-xenial
[[0;32m  OK  [0m] Started FUSE filesystem for LXC.
[   37.423504] cloud-init[942]: The key's randomart image is:
         Starting Pollinate to seed the pseudo random number generator...
[   37.486694] cloud-init[942]: +---[DSA 1024]----+
[   37.568321] cloud-init[942]: |        +*=.+ ooo|
[   37.568534] cloud-init[942]: |         ooB * o+|
         Starting LSB: MD monitoring daemon...
[   37.568648] cloud-init[942]: |          + * O.=|
[   37.656336] cloud-init[942]: |         o B O E.|
         Starting Accounts Service...
[   37.656581] cloud-init[942]: |        S * X +  |
[   37.721284] cloud-init[942]: |         . * =   |
[   37.721532] cloud-init[942]: |            + o. |
[[0;32m  OK  [0m] Started System Logging Service.
[   37.721643] cloud-init[942]: |            .+. o|
[   37.793254] cloud-init[942]: |           ....o.|
[   37.793439] cloud-init[942]: +----[SHA256]-----+
[   37.793544] cloud-init[942]: Generating public/private ecdsa key pair.
[   37.793662] cloud-init[942]: Your identification has been saved in /etc/ssh/ssh_host_ecdsa_key.
[   37.793772] cloud-init[942]: Your public key has been saved in /etc/ssh/ssh_host_ecdsa_key.pub.
[   37.793890] cloud-init[942]: The key fingerprint is:
[   37.794002] cloud-init[942]: SHA256:0I2mP2g+s+Ti26AoIGa48KMEWlq3jMuqkwQQAvNtUVo root@ubuntu-xenial
[   37.794123] cloud-init[942]: The key's randomart image is:
[   37.794235] cloud-init[942]: +---[ECDSA 256]---+
[   37.794349] cloud-init[942]: |*.  ..E          |
[   37.794464] cloud-init[942]: |oo . + . o       |
[   37.794583] cloud-init[942]: |. . + . + .      |
[   37.794697] cloud-init[942]: |.  .   +         |
[   37.794814] cloud-init[942]: |+ o . . S        |
[   37.794928] cloud-init[942]: |BB + . o         |
[   37.795044] cloud-init[942]: |X=. + + o        |
[   37.795160] cloud-init[942]: |*ooo.Bo  .       |
[   37.795276] cloud-init[942]: |B++ooo=+         |
[   37.795403] cloud-init[942]: +----[SHA256]-----+
[[0;32m  OK  [0m] Started LXD - container startup/shutdown.
[   37.795646] cloud-init[942]: Generating public/private ed25519 key pair.
[   38.300555] cloud-init[942]: Your identification has been saved in /etc/ssh/ssh_host_ed25519_key.
[   38.300913] cloud-init[942]: Your public key has been saved in /etc/ssh/ssh_host_ed25519_key.pub.
[[0;32m  OK  [0m] Started /etc/rc.local Compatibility.
[   38.301115] cloud-init[942]: The key fingerprint is:
[[   38.424381] cloud-init[942]: SHA256:7eGMDzv5a0HxNBbf3qspN6WpWToY/09KQf5IfgUpnMk root@ubuntu-xenial
[   38.424736] cloud-init[942]: The key's randomart image is:
[0;32m  OK  [0m] Started Auto import assertions from block devices.
[   38.424834] cloud-init[942]: +--[ED25519 256]--+
[   38.527681] cloud-init[942]: |            ..   |
[[0;32m  OK  [0m] Started Pollinate to seed the pseudo random number generator.
[   38.528298] cloud-init[942]: |          .o++ o |
[   38.608619] cloud-init[942]: |           =Eo+ .|
[   38.636560] cloud-init[942]: |         .. +. o.|
[   38.636772] cloud-init[942]: |        S.o  +  +|
[[0;32m  OK  [0m] Started Login to default iSCSI targets.
[   38.636887] cloud-init[942]: |         *..o +.o|
[   38.689952] cloud-init[942]: |        o.B. =+= |
[   38.697095] cloud-init[942]: |        o=.+==*  |
[[0;32m  OK  [0m] Started LSB: Record successful boot for GRUB.
[   38.733099] cloud-init[942]: |        .++=*=o. |
[   38.796423] cloud-init[942]: +----[SHA256]-----+
[[0;32m  OK  [0m] Started LSB: MD monitoring daemon.
[   38.798528] cloud-init[1047]: Generating locales (this might take a while)...
[[   38.901856] cloud-init[1047]:   en_US.UTF-8... done
[0;32m  OK  [0m] Started Login Service.
[   38.902148] cloud-init[1047]: Generation complete.
         Starting Authenticate and Authorize Users to Run Privileged Tasks...
[[0;32m  OK  [0m] Reached target Remote File Systems (Pre).
[[0;32m  OK  [0m] Reached target Remote File Systems.
         Starting LSB: VirtualBox Linux Additions...
         Starting LSB: automatic crash report generation...
         Starting Permit User Sessions...
         Starting LSB: Set the CPU Frequency Scaling governor to "ondemand"...
         Starting LSB: daemon to balance interrupts for SMP systems...
[[0;32m  OK  [0m] Stopped OpenBSD Secure Shell server.
         Starting OpenBSD Secure Shell server...
[[0;32m  OK  [0m] Started OpenBSD Secure Shell server.
[[0;32m  OK  [0m] Started Permit User Sessions.
[[0;32m  OK  [0m] Started Authenticate and Authorize Users to Run Privileged Tasks.
[[0;32m  OK  [0m] Started Accounts Service.
[[0;32m  OK  [0m] Started LSB: automatic crash report generation.
[[0;32m  OK  [0m] Started LSB: VirtualBox Linux Additions.
[[0;32m  OK  [0m] Created slice User Slice of ubuntu.
[   39.649403] cloud-init[1047]: Cloud-init v. 0.7.9 running 'modules:config' at Tue, 30 May 2017 09:57:49 +0000. Up 36.70 seconds.
         Starting User Manager for UID 1000...
[[0;32m  OK  [0m] Started Session 1 of user ubuntu.
         Starting Terminate Plymouth Boot Screen...
         Starting Hold until boot process finishes up...
[[0;32m  OK  [0m] Started User Manager for UID 1000.
[[0;32m  OK  [0m] Started Apply the settings specified in cloud-config.
[[0;32m  OK  [0m] Started LSB: Set the CPU Frequency Scaling governor to "ondemand".
[[0;32m  OK  [0m] Started LSB: daemon to balance interrupts for SMP systems.
[[0;32m  OK  [0m] Started Terminate Plymouth Boot Screen.
[[0;32m  OK  [0m] Started Hold until boot process finishes up.
[[0;32m  OK  [0m] Started Getty on tty1.
         Starting Set console scheme...
[[0;32m  OK  [0m] Started Serial Getty on ttyS0.
[[0;32m  OK  [0m] Reached target Login Prompts.
[[0;32m  OK  [0m] Reached target Multi-User System.
[[0;32m  OK  [0m] Reached target Graphical Interface.
         Starting Update UTMP about System Runlevel Changes...
         Starting Execute cloud user/final scripts...
[[0;32m  OK  [0m] Started Set console scheme.
[[0;32m  OK  [0m] Started Update UTMP about System Runlevel Changes.
ci-info: no authorized ssh keys fingerprints found for user ubuntu.
<14>May 30 09:57:53 ec2: 
<14>May 30 09:57:53 ec2: #############################################################
<14>May 30 09:57:53 ec2: -----BEGIN SSH HOST KEY FINGERPRINTS-----
<14>May 30 09:57:53 ec2: 1024 SHA256:1UskDCW17Tnma/exErlA2iSde2HWBjmIdF3R5+GYdLc root@ubuntu-xenial (DSA)
<14>May 30 09:57:53 ec2: 256 SHA256:0I2mP2g+s+Ti26AoIGa48KMEWlq3jMuqkwQQAvNtUVo root@ubuntu-xenial (ECDSA)
<14>May 30 09:57:53 ec2: 256 SHA256:7eGMDzv5a0HxNBbf3qspN6WpWToY/09KQf5IfgUpnMk root@ubuntu-xenial (ED25519)
<14>May 30 09:57:53 ec2: 2048 SHA256:5/8n6xN1ZaOK9mWrJKQsPoT0rh1HmgXQw2IZ+ZUKpFo root@ubuntu-xenial (RSA)
<14>May 30 09:57:53 ec2: -----END SSH HOST KEY FINGERPRINTS-----
<14>May 30 09:57:53 ec2: #############################################################
-----BEGIN SSH HOST KEY KEYS-----
ecdsa-sha2-nistp256 AAAAE2VjZHNhLXNoYTItbmlzdHAyNTYAAAAIbmlzdHAyNTYAAABBBNfhrtasly89TjGkBm/WJOyxs3l0acfbKwNEdA7k1ie8NyVCcoH2n9k1GVlzRjcZVq7gFt43odIc6Qhf0KLBYyE= root@ubuntu-xenial
ssh-ed25519 AAAAC3NzaC1lZDI1NTE5AAAAIIsUNKVdQhS5FlIntSB7QA9fPHXrEdbfN9BrEVTrc7ZQ root@ubuntu-xenial
ssh-rsa AAAAB3NzaC1yc2EAAAADAQABAAABAQDO9+LHLhDkp628ysoeuC+kdkkn3JkdQ0kgUraHdH6UrEEGThLNbb9HlxPuembq0HrUSRF6sXNu8rvWS5YOtuqbUNFkyR4CQ1uRuxEUDzu5H4l6zXL+nKLy1N7uAegJrrp8cQqAeBGq3KOMPg/7BpYW0Uw9IuFz0SkEIYEccBpGuyBEuDXq3+SfjdkOvl4T97U5k1r9ryY95pKCsU4zrKDbkXMO2T2irhs7encKPoj3CtwNLWbfPtR+fuZmW+slGL/A+TkiX8Cy1tQ+EYiq4sbx4KE8dJIIVZTtebrEvMhsMjzFivksX94xhoTmO5T2oCgLhhO4QdzYJyqSn6iznNt/ root@ubuntu-xenial
-----END SSH HOST KEY KEYS-----
[   41.640006] cloud-init[1310]: Cloud-init v. 0.7.9 running 'modules:final' at Tue, 30 May 2017 09:57:53 +0000. Up 40.75 seconds.
[   41.720420] cloud-init[1310]: ci-info: no authorized ssh keys fingerprints found for user ubuntu.
[   41.785078] cloud-init[1310]: Cloud-init v. 0.7.9 finished at Tue, 30 May 2017 09:57:54 +0000. Datasource DataSourceNoCloud [seed=/dev/sdb][dsmode=net].  Up 41.63 seconds
[[0;32m  OK  [0m] Started Execute cloud user/final scripts.
[[0;32m  OK  [0m] Started Session 2 of user ubuntu.
[[0;32m  OK  [0m] Reached target Cloud-init target.

Ubuntu 16.04.2 LTS ubuntu-xenial ttyS0

ubuntu-xenial login: 